  LanguegeTranslate.cpp
C:\Users\ADMIN\OneDrive - hcmute.edu.vn\Máy tính\TUDIEN_NHOM1_CTDL&GT\TUDIEN_NHOM1_CTDL&GT\DO AN CTDLGT\ĐỒ HỌA\Word.h(15,21): warning C4267: 'initializing': conversion from 'size_t' to 'int', possible loss of data
C:\Users\ADMIN\OneDrive - hcmute.edu.vn\Máy tính\TUDIEN_NHOM1_CTDL&GT\TUDIEN_NHOM1_CTDL&GT\DO AN CTDLGT\ĐỒ HỌA\dohoa.h(54,26): warning C4838: conversion from 'int' to 'SHORT' requires a narrowing conversion
C:\Users\ADMIN\OneDrive - hcmute.edu.vn\Máy tính\TUDIEN_NHOM1_CTDL&GT\TUDIEN_NHOM1_CTDL&GT\DO AN CTDLGT\ĐỒ HỌA\dohoa.h(54,29): warning C4838: conversion from 'int' to 'SHORT' requires a narrowing conversion
C:\Users\ADMIN\OneDrive - hcmute.edu.vn\Máy tính\TUDIEN_NHOM1_CTDL&GT\TUDIEN_NHOM1_CTDL&GT\DO AN CTDLGT\ĐỒ HỌA\LanguegeTranslate.cpp(17,13): warning C4273: 'SetConsoleTitleW': inconsistent dll linkage
C:\Program Files (x86)\Windows Kits\10\Include\10.0.22000.0\um\consoleapi2.h(481,1): message : see previous definition of 'SetConsoleTitleW'
C:\Users\ADMIN\OneDrive - hcmute.edu.vn\Máy tính\TUDIEN_NHOM1_CTDL&GT\TUDIEN_NHOM1_CTDL&GT\DO AN CTDLGT\ĐỒ HỌA\LanguegeTranslate.cpp(201,49): warning C4267: 'argument': conversion from 'size_t' to 'int', possible loss of data
C:\Users\ADMIN\OneDrive - hcmute.edu.vn\Máy tính\TUDIEN_NHOM1_CTDL&GT\TUDIEN_NHOM1_CTDL&GT\DO AN CTDLGT\ĐỒ HỌA\LanguegeTranslate.cpp(206,49): warning C4267: 'argument': conversion from 'size_t' to 'int', possible loss of data
C:\Users\ADMIN\OneDrive - hcmute.edu.vn\Máy tính\TUDIEN_NHOM1_CTDL&GT\TUDIEN_NHOM1_CTDL&GT\DO AN CTDLGT\ĐỒ HỌA\LanguegeTranslate.cpp(447,3): warning C4102: 'goToHere': unreferenced label
C:\Users\ADMIN\OneDrive - hcmute.edu.vn\Máy tính\TUDIEN_NHOM1_CTDL&GT\TUDIEN_NHOM1_CTDL&GT\DO AN CTDLGT\ĐỒ HỌA\LanguegeTranslate.cpp(633,31): warning C4267: 'argument': conversion from 'size_t' to 'int', possible loss of data
C:\Users\ADMIN\OneDrive - hcmute.edu.vn\Máy tính\TUDIEN_NHOM1_CTDL&GT\TUDIEN_NHOM1_CTDL&GT\DO AN CTDLGT\ĐỒ HỌA\LanguegeTranslate.cpp(677,51): warning C4267: 'argument': conversion from 'size_t' to 'int', possible loss of data
C:\Users\ADMIN\OneDrive - hcmute.edu.vn\Máy tính\TUDIEN_NHOM1_CTDL&GT\TUDIEN_NHOM1_CTDL&GT\DO AN CTDLGT\ĐỒ HỌA\LanguegeTranslate.cpp(719,57): warning C4267: 'argument': conversion from 'size_t' to 'int', possible loss of data
C:\Users\ADMIN\OneDrive - hcmute.edu.vn\Máy tính\TUDIEN_NHOM1_CTDL&GT\TUDIEN_NHOM1_CTDL&GT\DO AN CTDLGT\ĐỒ HỌA\LanguegeTranslate.cpp(755,18): warning C4267: '+=': conversion from 'size_t' to 'int', possible loss of data
C:\Users\ADMIN\OneDrive - hcmute.edu.vn\Máy tính\TUDIEN_NHOM1_CTDL&GT\TUDIEN_NHOM1_CTDL&GT\DO AN CTDLGT\ĐỒ HỌA\LanguegeTranslate.cpp(758,22): warning C4267: '+=': conversion from 'size_t' to 'int', possible loss of data
C:\Users\ADMIN\OneDrive - hcmute.edu.vn\Máy tính\TUDIEN_NHOM1_CTDL&GT\TUDIEN_NHOM1_CTDL&GT\DO AN CTDLGT\ĐỒ HỌA\LanguegeTranslate.cpp(766,27): warning C4267: '+=': conversion from 'size_t' to 'int', possible loss of data
C:\Users\ADMIN\OneDrive - hcmute.edu.vn\Máy tính\TUDIEN_NHOM1_CTDL&GT\TUDIEN_NHOM1_CTDL&GT\DO AN CTDLGT\ĐỒ HỌA\LanguegeTranslate.cpp(947,49): warning C4267: 'argument': conversion from 'size_t' to 'int', possible loss of data
C:\Users\ADMIN\OneDrive - hcmute.edu.vn\Máy tính\TUDIEN_NHOM1_CTDL&GT\TUDIEN_NHOM1_CTDL&GT\DO AN CTDLGT\ĐỒ HỌA\LanguegeTranslate.cpp(1204,30): warning C4267: 'argument': conversion from 'size_t' to 'int', possible loss of data
C:\Users\ADMIN\OneDrive - hcmute.edu.vn\Máy tính\TUDIEN_NHOM1_CTDL&GT\TUDIEN_NHOM1_CTDL&GT\DO AN CTDLGT\ĐỒ HỌA\LanguegeTranslate.cpp(1227,7): warning C4101: 'sosanh': unreferenced local variable
C:\Users\ADMIN\OneDrive - hcmute.edu.vn\Máy tính\TUDIEN_NHOM1_CTDL&GT\TUDIEN_NHOM1_CTDL&GT\DO AN CTDLGT\ĐỒ HỌA\LanguegeTranslate.cpp(1411,33): warning C4267: '=': conversion from 'size_t' to 'int', possible loss of data
C:\Users\ADMIN\OneDrive - hcmute.edu.vn\Máy tính\TUDIEN_NHOM1_CTDL&GT\TUDIEN_NHOM1_CTDL&GT\DO AN CTDLGT\ĐỒ HỌA\LanguegeTranslate.cpp(1582,37): warning C4267: 'argument': conversion from 'size_t' to 'int', possible loss of data
C:\Users\ADMIN\OneDrive - hcmute.edu.vn\Máy tính\TUDIEN_NHOM1_CTDL&GT\TUDIEN_NHOM1_CTDL&GT\DO AN CTDLGT\ĐỒ HỌA\LanguegeTranslate.cpp(1583,17): warning C4267: '+=': conversion from 'size_t' to 'int', possible loss of data
C:\Users\ADMIN\OneDrive - hcmute.edu.vn\Máy tính\TUDIEN_NHOM1_CTDL&GT\TUDIEN_NHOM1_CTDL&GT\DO AN CTDLGT\ĐỒ HỌA\LanguegeTranslate.cpp(1588,26): warning C4267: '+=': conversion from 'size_t' to 'int', possible loss of data
C:\Users\ADMIN\OneDrive - hcmute.edu.vn\Máy tính\TUDIEN_NHOM1_CTDL&GT\TUDIEN_NHOM1_CTDL&GT\DO AN CTDLGT\ĐỒ HỌA\LanguegeTranslate.cpp(1654,23): warning C4267: 'initializing': conversion from 'size_t' to 'int', possible loss of data
C:\Users\ADMIN\OneDrive - hcmute.edu.vn\Máy tính\TUDIEN_NHOM1_CTDL&GT\TUDIEN_NHOM1_CTDL&GT\DO AN CTDLGT\ĐỒ HỌA\LanguegeTranslate.cpp(1661,21): warning C4267: 'initializing': conversion from 'size_t' to 'int', possible loss of data
C:\Users\ADMIN\OneDrive - hcmute.edu.vn\Máy tính\TUDIEN_NHOM1_CTDL&GT\TUDIEN_NHOM1_CTDL&GT\DO AN CTDLGT\ĐỒ HỌA\LanguegeTranslate.cpp(1662,12): warning C4244: 'argument': conversion from 'time_t' to 'unsigned int', possible loss of data
C:\Users\ADMIN\OneDrive - hcmute.edu.vn\Máy tính\TUDIEN_NHOM1_CTDL&GT\TUDIEN_NHOM1_CTDL&GT\DO AN CTDLGT\ĐỒ HỌA\LanguegeTranslate.cpp(1664,35): warning C4267: 'initializing': conversion from 'size_t' to 'int', possible loss of data
C:\Users\ADMIN\OneDrive - hcmute.edu.vn\Máy tính\TUDIEN_NHOM1_CTDL&GT\TUDIEN_NHOM1_CTDL&GT\DO AN CTDLGT\ĐỒ HỌA\LanguegeTranslate.cpp(1689,12): warning C4244: 'argument': conversion from 'time_t' to 'unsigned int', possible loss of data
C:\Users\ADMIN\OneDrive - hcmute.edu.vn\Máy tính\TUDIEN_NHOM1_CTDL&GT\TUDIEN_NHOM1_CTDL&GT\DO AN CTDLGT\ĐỒ HỌA\LanguegeTranslate.cpp(1819,45): warning C4267: 'argument': conversion from 'size_t' to 'int', possible loss of data
C:\Users\ADMIN\OneDrive - hcmute.edu.vn\Máy tính\TUDIEN_NHOM1_CTDL&GT\TUDIEN_NHOM1_CTDL&GT\DO AN CTDLGT\ĐỒ HỌA\LanguegeTranslate.cpp(2020,20): warning C4267: 'initializing': conversion from 'size_t' to 'int', possible loss of data
C:\Users\ADMIN\OneDrive - hcmute.edu.vn\Máy tính\TUDIEN_NHOM1_CTDL&GT\TUDIEN_NHOM1_CTDL&GT\DO AN CTDLGT\ĐỒ HỌA\LanguegeTranslate.cpp(2034,12): warning C4244: 'argument': conversion from 'time_t' to 'unsigned int', possible loss of data
C:\Users\ADMIN\OneDrive - hcmute.edu.vn\Máy tính\TUDIEN_NHOM1_CTDL&GT\TUDIEN_NHOM1_CTDL&GT\DO AN CTDLGT\ĐỒ HỌA\LanguegeTranslate.cpp(2389,45): warning C4267: 'argument': conversion from 'size_t' to 'int', possible loss of data
C:\Users\ADMIN\OneDrive - hcmute.edu.vn\Máy tính\TUDIEN_NHOM1_CTDL&GT\TUDIEN_NHOM1_CTDL&GT\DO AN CTDLGT\ĐỒ HỌA\LanguegeTranslate.cpp(2293,8): warning C4101: 'check': unreferenced local variable
C:\Users\ADMIN\OneDrive - hcmute.edu.vn\Máy tính\TUDIEN_NHOM1_CTDL&GT\TUDIEN_NHOM1_CTDL&GT\DO AN CTDLGT\ĐỒ HỌA\LanguegeTranslate.cpp(2292,7): warning C4101: 'length': unreferenced local variable
C:\Users\ADMIN\OneDrive - hcmute.edu.vn\Máy tính\TUDIEN_NHOM1_CTDL&GT\TUDIEN_NHOM1_CTDL&GT\DO AN CTDLGT\ĐỒ HỌA\LanguegeTranslate.cpp(2289,7): warning C4101: 'randomQues': unreferenced local variable
C:\Users\ADMIN\OneDrive - hcmute.edu.vn\Máy tính\TUDIEN_NHOM1_CTDL&GT\TUDIEN_NHOM1_CTDL&GT\DO AN CTDLGT\ĐỒ HỌA\LanguegeTranslate.cpp(2531,24): warning C4267: 'initializing': conversion from 'size_t' to 'int', possible loss of data
C:\Users\ADMIN\OneDrive - hcmute.edu.vn\Máy tính\TUDIEN_NHOM1_CTDL&GT\TUDIEN_NHOM1_CTDL&GT\DO AN CTDLGT\ĐỒ HỌA\LanguegeTranslate.cpp(2558,24): warning C4267: 'initializing': conversion from 'size_t' to 'int', possible loss of data
C:\Users\ADMIN\OneDrive - hcmute.edu.vn\Máy tính\TUDIEN_NHOM1_CTDL&GT\TUDIEN_NHOM1_CTDL&GT\DO AN CTDLGT\ĐỒ HỌA\LanguegeTranslate.cpp(2631,31): warning C4267: '=': conversion from 'size_t' to 'int', possible loss of data
C:\Users\ADMIN\OneDrive - hcmute.edu.vn\Máy tính\TUDIEN_NHOM1_CTDL&GT\TUDIEN_NHOM1_CTDL&GT\DO AN CTDLGT\ĐỒ HỌA\LanguegeTranslate.cpp(2712,8): warning C4551: function call missing argument list
C:\Users\ADMIN\OneDrive - hcmute.edu.vn\Máy tính\TUDIEN_NHOM1_CTDL&GT\TUDIEN_NHOM1_CTDL&GT\DO AN CTDLGT\ĐỒ HỌA\LanguegeTranslate.cpp(2633,2): warning C4102: 'Replay': unreferenced label
C:\Users\ADMIN\OneDrive - hcmute.edu.vn\Máy tính\TUDIEN_NHOM1_CTDL&GT\TUDIEN_NHOM1_CTDL&GT\DO AN CTDLGT\ĐỒ HỌA\LanguegeTranslate.cpp(2899,7): warning C4551: function call missing argument list
C:\Users\ADMIN\OneDrive - hcmute.edu.vn\Máy tính\TUDIEN_NHOM1_CTDL&GT\TUDIEN_NHOM1_CTDL&GT\DO AN CTDLGT\ĐỒ HỌA\LanguegeTranslate.cpp(3018,21): warning C4267: 'initializing': conversion from 'size_t' to 'int', possible loss of data
C:\Users\ADMIN\OneDrive - hcmute.edu.vn\Máy tính\TUDIEN_NHOM1_CTDL&GT\TUDIEN_NHOM1_CTDL&GT\DO AN CTDLGT\ĐỒ HỌA\LanguegeTranslate.cpp(3019,12): warning C4244: 'argument': conversion from 'time_t' to 'unsigned int', possible loss of data
C:\Users\ADMIN\OneDrive - hcmute.edu.vn\Máy tính\TUDIEN_NHOM1_CTDL&GT\TUDIEN_NHOM1_CTDL&GT\DO AN CTDLGT\ĐỒ HỌA\LanguegeTranslate.cpp(3022,35): warning C4267: 'initializing': conversion from 'size_t' to 'int', possible loss of data
C:\Users\ADMIN\OneDrive - hcmute.edu.vn\Máy tính\TUDIEN_NHOM1_CTDL&GT\TUDIEN_NHOM1_CTDL&GT\DO AN CTDLGT\ĐỒ HỌA\LanguegeTranslate.cpp(3128,37): warning C4267: 'argument': conversion from 'size_t' to 'int', possible loss of data
C:\Users\ADMIN\OneDrive - hcmute.edu.vn\Máy tính\TUDIEN_NHOM1_CTDL&GT\TUDIEN_NHOM1_CTDL&GT\DO AN CTDLGT\ĐỒ HỌA\LanguegeTranslate.cpp(3129,17): warning C4267: '+=': conversion from 'size_t' to 'int', possible loss of data
C:\Users\ADMIN\OneDrive - hcmute.edu.vn\Máy tính\TUDIEN_NHOM1_CTDL&GT\TUDIEN_NHOM1_CTDL&GT\DO AN CTDLGT\ĐỒ HỌA\LanguegeTranslate.cpp(3134,26): warning C4267: '+=': conversion from 'size_t' to 'int', possible loss of data
C:\Users\ADMIN\OneDrive - hcmute.edu.vn\Máy tính\TUDIEN_NHOM1_CTDL&GT\TUDIEN_NHOM1_CTDL&GT\DO AN CTDLGT\ĐỒ HỌA\LanguegeTranslate.cpp(3171,23): warning C4267: 'initializing': conversion from 'size_t' to 'int', possible loss of data
  ĐỒ HỌA.vcxproj -> C:\Users\ADMIN\OneDrive - hcmute.edu.vn\Máy tính\TUDIEN_NHOM1_CTDL&GT\TUDIEN_NHOM1_CTDL&GT\DO AN CTDLGT\x64\Debug\ĐỒ HỌA.exe
